This is pdfTeX, Version 3.141592653-2.6-1.40.25 (TeX Live 2023) (preloaded format=pdflatex 2023.9.20)  31 OCT 2023 22:25
entering extended mode
 restricted \write18 enabled.
 %&-line parsing enabled.
**Report2.tex
(./Report2.tex
LaTeX2e <2022-11-01> patch level 1
L3 programming layer <2023-02-22>
(/usr/local/texlive/2023/texmf-dist/tex/latex/base/report.cls
Document Class: report 2022/07/02 v1.4n Standard LaTeX document class
(/usr/local/texlive/2023/texmf-dist/tex/latex/base/size12.clo
File: size12.clo 2022/07/02 v1.4n Standard LaTeX file (size option)
)
\c@part=\count185
\c@chapter=\count186
\c@section=\count187
\c@subsection=\count188
\c@subsubsection=\count189
\c@paragraph=\count190
\c@subparagraph=\count191
\c@figure=\count192
\c@table=\count193
\abovecaptionskip=\skip48
\belowcaptionskip=\skip49
\bibindent=\dimen140
)
(/usr/local/texlive/2023/texmf-dist/tex/latex/graphics/graphicx.sty
Package: graphicx 2021/09/16 v1.2d Enhanced LaTeX Graphics (DPC,SPQR)

(/usr/local/texlive/2023/texmf-dist/tex/latex/graphics/keyval.sty
Package: keyval 2022/05/29 v1.15 key=value parser (DPC)
\KV@toks@=\toks16
)
(/usr/local/texlive/2023/texmf-dist/tex/latex/graphics/graphics.sty
Package: graphics 2022/03/10 v1.4e Standard LaTeX Graphics (DPC,SPQR)

(/usr/local/texlive/2023/texmf-dist/tex/latex/graphics/trig.sty
Package: trig 2021/08/11 v1.11 sin cos tan (DPC)
)
(/usr/local/texlive/2023/texmf-dist/tex/latex/graphics-cfg/graphics.cfg
File: graphics.cfg 2016/06/04 v1.11 sample graphics configuration
)
Package graphics Info: Driver file: pdftex.def on input line 107.

(/usr/local/texlive/2023/texmf-dist/tex/latex/graphics-def/pdftex.def
File: pdftex.def 2022/09/22 v1.2b Graphics/color driver for pdftex
))
\Gin@req@height=\dimen141
\Gin@req@width=\dimen142
)
(/usr/local/texlive/2023/texmf-dist/tex/latex/subfig/subfig.sty
Package: subfig 2005/06/28 ver: 1.3 subfig package

(/usr/local/texlive/2023/texmf-dist/tex/latex/caption/caption.sty
Package: caption 2023/03/12 v3.6j Customizing captions (AR)

(/usr/local/texlive/2023/texmf-dist/tex/latex/caption/caption3.sty
Package: caption3 2023/03/12 v2.4 caption3 kernel (AR)
\caption@tempdima=\dimen143
\captionmargin=\dimen144
\caption@leftmargin=\dimen145
\caption@rightmargin=\dimen146
\caption@width=\dimen147
\caption@indent=\dimen148
\caption@parindent=\dimen149
\caption@hangindent=\dimen150
Package caption Info: Standard document class detected.
)
\c@caption@flags=\count194
\c@continuedfloat=\count195
)
\c@KVtest=\count196
\sf@farskip=\skip50
\sf@captopadj=\dimen151
\sf@capskip=\skip51
\sf@nearskip=\skip52
\c@subfigure=\count197
\c@subfigure@save=\count198
\c@lofdepth=\count199
\c@subtable=\count266
\c@subtable@save=\count267
\c@lotdepth=\count268
\sf@top=\skip53
\sf@bottom=\skip54
)
(/usr/local/texlive/2023/texmf-dist/tex/latex/subfloat/subfloat.sty
Package: subfloat 2003/08/21 version 2.14

Package `subfloat', Version 2.14 of 2003/08/21.

Package subfloat Warning: Numbers of floats not counted:
(subfloat)                If you use one of the counters subfloatfiguremax or
(subfloat)                subfloattablemax you will get strange error messages
(subfloat)                containing \c@subfloatfiguremax or
(subfloat)                \c@subfloattablemax:
(subfloat)                Please switch on countmax or remove the code using
(subfloat)                the counter then..

) (/usr/local/texlive/2023/texmf-dist/tex/latex/amsmath/amsmath.sty
Package: amsmath 2022/04/08 v2.17n AMS math features
\@mathmargin=\skip55

For additional information on amsmath, use the `?' option.
(/usr/local/texlive/2023/texmf-dist/tex/latex/amsmath/amstext.sty
Package: amstext 2021/08/26 v2.01 AMS text

(/usr/local/texlive/2023/texmf-dist/tex/latex/amsmath/amsgen.sty
File: amsgen.sty 1999/11/30 v2.0 generic functions
\@emptytoks=\toks17
\ex@=\dimen152
))
(/usr/local/texlive/2023/texmf-dist/tex/latex/amsmath/amsbsy.sty
Package: amsbsy 1999/11/29 v1.2d Bold Symbols
\pmbraise@=\dimen153
)
(/usr/local/texlive/2023/texmf-dist/tex/latex/amsmath/amsopn.sty
Package: amsopn 2022/04/08 v2.04 operator names
)
\inf@bad=\count269
LaTeX Info: Redefining \frac on input line 234.
\uproot@=\count270
\leftroot@=\count271
LaTeX Info: Redefining \overline on input line 399.
LaTeX Info: Redefining \colon on input line 410.
\classnum@=\count272
\DOTSCASE@=\count273
LaTeX Info: Redefining \ldots on input line 496.
LaTeX Info: Redefining \dots on input line 499.
LaTeX Info: Redefining \cdots on input line 620.
\Mathstrutbox@=\box51
\strutbox@=\box52
LaTeX Info: Redefining \big on input line 722.
LaTeX Info: Redefining \Big on input line 723.
LaTeX Info: Redefining \bigg on input line 724.
LaTeX Info: Redefining \Bigg on input line 725.
\big@size=\dimen154
LaTeX Font Info:    Redeclaring font encoding OML on input line 743.
LaTeX Font Info:    Redeclaring font encoding OMS on input line 744.
\macc@depth=\count274
LaTeX Info: Redefining \bmod on input line 905.
LaTeX Info: Redefining \pmod on input line 910.
LaTeX Info: Redefining \smash on input line 940.
LaTeX Info: Redefining \relbar on input line 970.
LaTeX Info: Redefining \Relbar on input line 971.
\c@MaxMatrixCols=\count275
\dotsspace@=\muskip16
\c@parentequation=\count276
\dspbrk@lvl=\count277
\tag@help=\toks18
\row@=\count278
\column@=\count279
\maxfields@=\count280
\andhelp@=\toks19
\eqnshift@=\dimen155
\alignsep@=\dimen156
\tagshift@=\dimen157
\tagwidth@=\dimen158
\totwidth@=\dimen159
\lineht@=\dimen160
\@envbody=\toks20
\multlinegap=\skip56
\multlinetaggap=\skip57
\mathdisplay@stack=\toks21
LaTeX Info: Redefining \[ on input line 2953.
LaTeX Info: Redefining \] on input line 2954.
)
(/usr/local/texlive/2023/texmf-dist/tex/latex/listings/listings.sty
\lst@mode=\count281
\lst@gtempboxa=\box53
\lst@token=\toks22
\lst@length=\count282
\lst@currlwidth=\dimen161
\lst@column=\count283
\lst@pos=\count284
\lst@lostspace=\dimen162
\lst@width=\dimen163
\lst@newlines=\count285
\lst@lineno=\count286
\lst@maxwidth=\dimen164

(/usr/local/texlive/2023/texmf-dist/tex/latex/listings/lstmisc.sty
File: lstmisc.sty 2023/02/27 1.9 (Carsten Heinz)
\c@lstnumber=\count287
\lst@skipnumbers=\count288
\lst@framebox=\box54
)
(/usr/local/texlive/2023/texmf-dist/tex/latex/listings/listings.cfg
File: listings.cfg 2023/02/27 1.9 listings configuration
))
Package: listings 2023/02/27 1.9 (Carsten Heinz)

(/usr/local/texlive/2023/texmf-dist/tex/latex/graphics/color.sty
Package: color 2022/01/06 v1.3d Standard LaTeX Color (DPC)

(/usr/local/texlive/2023/texmf-dist/tex/latex/graphics-cfg/color.cfg
File: color.cfg 2016/01/02 v1.6 sample color configuration
)
Package color Info: Driver file: pdftex.def on input line 149.

(/usr/local/texlive/2023/texmf-dist/tex/latex/graphics/mathcolor.ltx))
(/usr/local/texlive/2023/texmf-dist/tex/latex/l3backend/l3backend-pdftex.def
File: l3backend-pdftex.def 2023-01-16 L3 backend support: PDF output (pdfTeX)
\l__color_backend_stack_int=\count289
\l__pdf_internal_box=\box55
)

LaTeX Warning: Unused global option(s):
    [runningheads].

(./Report2.aux)
\openout1 = `Report2.aux'.

LaTeX Font Info:    Checking defaults for OML/cmm/m/it on input line 10.
LaTeX Font Info:    ... okay on input line 10.
LaTeX Font Info:    Checking defaults for OMS/cmsy/m/n on input line 10.
LaTeX Font Info:    ... okay on input line 10.
LaTeX Font Info:    Checking defaults for OT1/cmr/m/n on input line 10.
LaTeX Font Info:    ... okay on input line 10.
LaTeX Font Info:    Checking defaults for T1/cmr/m/n on input line 10.
LaTeX Font Info:    ... okay on input line 10.
LaTeX Font Info:    Checking defaults for TS1/cmr/m/n on input line 10.
LaTeX Font Info:    ... okay on input line 10.
LaTeX Font Info:    Checking defaults for OMX/cmex/m/n on input line 10.
LaTeX Font Info:    ... okay on input line 10.
LaTeX Font Info:    Checking defaults for U/cmr/m/n on input line 10.
LaTeX Font Info:    ... okay on input line 10.

(/usr/local/texlive/2023/texmf-dist/tex/context/base/mkii/supp-pdf.mkii
[Loading MPS to PDF converter (version 2006.09.02).]
\scratchcounter=\count290
\scratchdimen=\dimen165
\scratchbox=\box56
\nofMPsegments=\count291
\nofMParguments=\count292
\everyMPshowfont=\toks23
\MPscratchCnt=\count293
\MPscratchDim=\dimen166
\MPnumerator=\count294
\makeMPintoPDFobject=\count295
\everyMPtoPDFconversion=\toks24
) (/usr/local/texlive/2023/texmf-dist/tex/latex/epstopdf-pkg/epstopdf-base.sty
Package: epstopdf-base 2020-01-24 v2.11 Base part for package epstopdf
Package epstopdf-base Info: Redefining graphics rule for `.eps' on input line 4
85.

(/usr/local/texlive/2023/texmf-dist/tex/latex/latexconfig/epstopdf-sys.cfg
File: epstopdf-sys.cfg 2010/07/13 v1.3 Configuration of (r)epstopdf for TeX Liv
e
))
Package caption Info: Begin \AtBeginDocument code.
Package caption Info: subfig package v1.3 is loaded.
Package caption Info: listings package is loaded.
Package caption Info: End \AtBeginDocument code.
\c@lstlisting=\count296

[1

{/usr/local/texlive/2023/texmf-var/fonts/map/pdftex/updmap/pdftex.map}]
! Misplaced alignment tab character &.
l.25 ...he 4-bit input, x and y, and performs an &
                                                   operation on them, assign...

? 
(/usr/local/texlive/2023/texmf-dist/tex/latex/listings/lstlang1.sty
File: lstlang1.sty 2023/02/27 1.9 listings language file
)
(/usr/local/texlive/2023/texmf-dist/tex/latex/listings/lstlang2.sty
File: lstlang2.sty 2023/02/27 1.9 listings language file
)
(/usr/local/texlive/2023/texmf-dist/tex/latex/listings/lstlang3.sty
File: lstlang3.sty 2023/02/27 1.9 listings language file
) [1]
[2{/usr/local/texlive/2023/texmf-dist/fonts/enc/dvips/cm-super/cm-super-ts1.enc
}]
! Misplaced alignment tab character &.
l.84 ...tead uses the Not operator to negate the &
                                                   operation on 4-bit inputs...

? 
[3] [4]
LaTeX Font Info:    Trying to load font information for OMS+cmr on input line 1
53.
 (/usr/local/texlive/2023/texmf-dist/tex/latex/base/omscmr.fd
File: omscmr.fd 2022/07/10 v2.5l Standard LaTeX font definitions
)
LaTeX Font Info:    Font shape `OMS/cmr/m/n' in size <12> not available
(Font)              Font shape `OMS/cmsy/m/n' tried instead on input line 153.
 [5]
[6] [7] [8] [9] [10] [11] [12] [13]
Overfull \hbox (89.39917pt too wide) in paragraph at lines 436--437
[][][][][][][][][][][][][][][][][][][][][][][][][][][][][] 
 []


Overfull \hbox (61.19922pt too wide) in paragraph at lines 437--438
[][][][][][][][][][][][][][][][][][][][][][][][][][] 
 []


Overfull \hbox (61.19922pt too wide) in paragraph at lines 438--439
[][][][][][][][][][][][][][][][][][][][][][][][][][][] 
 []

LaTeX Font Info:    Trying to load font information for OML+cmr on input line 4
44.
(/usr/local/texlive/2023/texmf-dist/tex/latex/base/omlcmr.fd
File: omlcmr.fd 2022/07/10 v2.5l Standard LaTeX font definitions
)
LaTeX Font Info:    Font shape `OML/cmr/m/n' in size <12> not available
(Font)              Font shape `OML/cmm/m/it' tried instead on input line 444.

Overfull \hbox (96.44916pt too wide) in paragraph at lines 447--448
[][][][][][][][][][][][][][][][][][][][][][][][][][][][] 
 []

[14]
Overfull \hbox (4.79932pt too wide) in paragraph at lines 463--464
[][][][][][][][][][][][][][][][][][][][][][][][][][][][][] 
 []


Overfull \hbox (103.49915pt too wide) in paragraph at lines 468--469
[][][][][][][][][][][][][][][][][][][][][][][][][][][][][][][][][][][] 
 []


Overfull \hbox (18.89929pt too wide) in paragraph at lines 469--470
[][][][][][][][][][][][][][][][][][][][][][][][][][][] 
 []


Overfull \hbox (103.49915pt too wide) in paragraph at lines 470--471
[][][][][][][][][][][][][][][][][][][][][][][][][][][][][][][][][][][] 
 []


Overfull \hbox (293.84882pt too wide) in paragraph at lines 475--477
[][][][][][][][][][][][][][][][][][][][][][][][][][][][][][][][][][][][][][] 
 []


Overfull \hbox (96.44916pt too wide) in paragraph at lines 489--490
[][][][][][][][][][][][][][][][][][][][][][][][][][][][][][][][][][][][][] 
 []

[15]
Overfull \hbox (96.44916pt too wide) in paragraph at lines 526--528
[][][][][][][][][][][][][][][][][][][][][][][][][][][][][][][][][][][][] 
 []

[16] [17]
Overfull \hbox (68.2492pt too wide) in paragraph at lines 587--589
[][][][][][][][][][][][][][][][][][][][][][][][][][][][][][] 
 []

[18]
Overfull \hbox (40.04926pt too wide) in paragraph at lines 609--610
[][][][][][][][][][][][][][][][][][][][][][][][][][][][][][][][][][][][][] 
 []

! Undefined control sequence.
l.619 ...e values for A, B, carry\textunderscorein
                                                  , PRODUCT, and carry\textu...

? 
! Undefined control sequence.
l.619 ...ein, PRODUCT, and carry\textunderscoreout
                                                   for each time interval. T...

? 

Overfull \hbox (4.79932pt too wide) in paragraph at lines 623--624
[][][][][][][][][][][][][][][][][][][][][] 
 []


Overfull \hbox (11.8493pt too wide) in paragraph at lines 625--626
[][][][][][][][][][][][][][][][][][][][][][] 
 []

[19]
Overfull \hbox (47.09924pt too wide) in paragraph at lines 646--648
[][][][][][][][][][][][][][][][][][][][][][][][][][][][][] 
 []

[20]
Overfull \hbox (4.79932pt too wide) in paragraph at lines 671--672
[][][][][][][][][][][] 
 []

[21]
<images//gtk_and_4bit.png, id=82, 420.06938pt x 73.27374pt>
File: images//gtk_and_4bit.png Graphic file (type png)
<use images//gtk_and_4bit.png>
Package pdftex.def Info: images//gtk_and_4bit.png  used on input line 696.
(pdftex.def)             Requested size: 483.07603pt x 84.26411pt.

Overfull \hbox (93.07603pt too wide) in paragraph at lines 696--697
 [][] 
 []

<images//and_4bit.png, id=84, 375.4025pt x 109.40875pt>
File: images//and_4bit.png Graphic file (type png)
<use images//and_4bit.png>
Package pdftex.def Info: images//and_4bit.png  used on input line 703.
(pdftex.def)             Requested size: 390.0pt x 113.67053pt.
[22 <./images//gtk_and_4bit.png> <./images//and_4bit.png>]
Overfull \hbox (8.06981pt too wide) in paragraph at lines 708--708
[]\OT1/cmr/bx/n/17.28 Waveform & Cir-cuit Di-a-gram: Nand Cir-
 []

<images//gtk_nand_4bit.png, id=90, 776.40062pt x 71.26625pt>
File: images//gtk_nand_4bit.png Graphic file (type png)
<use images//gtk_nand_4bit.png>
Package pdftex.def Info: images//gtk_nand_4bit.png  used on input line 714.
(pdftex.def)             Requested size: 485.24919pt x 44.54128pt.

Overfull \hbox (95.24919pt too wide) in paragraph at lines 714--715
 [][] 
 []

<images//nand_4bit.png, id=91, 372.39125pt x 109.40875pt>
File: images//nand_4bit.png Graphic file (type png)
<use images//nand_4bit.png>
Package pdftex.def Info: images//nand_4bit.png  used on input line 721.
(pdftex.def)             Requested size: 390.0pt x 114.58539pt.
[23 <./images//gtk_nand_4bit.png> <./images//nand_4bit.png>]
<images//gtk_or_4bit.png, id=97, 442.15187pt x 71.26625pt>
File: images//gtk_or_4bit.png Graphic file (type png)
<use images//gtk_or_4bit.png>
Package pdftex.def Info: images//gtk_or_4bit.png  used on input line 733.
(pdftex.def)             Requested size: 486.36856pt x 78.39308pt.

Overfull \hbox (96.36856pt too wide) in paragraph at lines 733--734
 [][] 
 []

<images//or_4bit.png, id=98, 742.775pt x 224.84pt>
File: images//or_4bit.png Graphic file (type png)
<use images//or_4bit.png>
Package pdftex.def Info: images//or_4bit.png  used on input line 740.
(pdftex.def)             Requested size: 390.0pt x 118.05649pt.
[24 <./images//gtk_or_4bit.png> <./images//or_4bit.png>]
<images//gtk_nor_4bit.png, id=104, 721.19438pt x 72.27pt>
File: images//gtk_nor_4bit.png Graphic file (type png)
<use images//gtk_nor_4bit.png>
Package pdftex.def Info: images//gtk_nor_4bit.png  used on input line 752.
(pdftex.def)             Requested size: 468.7708pt x 46.97493pt.

Overfull \hbox (78.7708pt too wide) in paragraph at lines 752--753
 [][] 
 []

<images//nor_4bit.png, id=105, 734.745pt x 220.825pt>
File: images//nor_4bit.png Graphic file (type png)
<use images//nor_4bit.png>
Package pdftex.def Info: images//nor_4bit.png  used on input line 759.
(pdftex.def)             Requested size: 390.0pt x 117.21527pt.
[25 <./images//gtk_nor_4bit.png> <./images//nor_4bit.png>]
<images//gtk_xor_4bit.png, id=110, 722.7pt x 73.77562pt>
File: images//gtk_xor_4bit.png Graphic file (type png)
<use images//gtk_xor_4bit.png>
Package pdftex.def Info: images//gtk_xor_4bit.png  used on input line 771.
(pdftex.def)             Requested size: 469.74944pt x 47.95357pt.

Overfull \hbox (79.74944pt too wide) in paragraph at lines 771--772
 [][] 
 []

<images//xor_4bit.png, id=111, 748.7975pt x 224.84pt>
File: images//xor_4bit.png Graphic file (type png)
<use images//xor_4bit.png>
Package pdftex.def Info: images//xor_4bit.png  used on input line 778.
(pdftex.def)             Requested size: 390.0pt x 117.10616pt.
[26 <./images//gtk_xor_4bit.png> <./images//xor_4bit.png>]
Overfull \hbox (4.95981pt too wide) in paragraph at lines 784--784
[]\OT1/cmr/bx/n/17.28 Waveform & Cir-cuit Di-a-gram: Xnor Cir-
 []

<images//gtk_xnor_4bit.png, id=116, 721.19438pt x 80.80188pt>
File: images//gtk_xnor_4bit.png Graphic file (type png)
<use images//gtk_xnor_4bit.png>
Package pdftex.def Info: images//gtk_xnor_4bit.png  used on input line 789.
(pdftex.def)             Requested size: 468.7708pt x 52.52058pt.

Overfull \hbox (78.7708pt too wide) in paragraph at lines 789--790
 [][] 
 []

<images//xnor_4bit.png, id=117, 752.8125pt x 222.8325pt>
File: images//xnor_4bit.png Graphic file (type png)
<use images//xnor_4bit.png>
Package pdftex.def Info: images//xnor_4bit.png  used on input line 796.
(pdftex.def)             Requested size: 390.0pt x 115.44174pt.
[27 <./images//gtk_xnor_4bit.png> <./images//xnor_4bit.png>]
<images//gtk_not_4bit.png, id=122, 789.95125pt x 59.22125pt>
File: images//gtk_not_4bit.png Graphic file (type png)
<use images//gtk_not_4bit.png>
Package pdftex.def Info: images//gtk_not_4bit.png  used on input line 808.
(pdftex.def)             Requested size: 493.7183pt x 37.01317pt.

Overfull \hbox (103.7183pt too wide) in paragraph at lines 808--809
 [][] 
 []

<images//not_4bit.png, id=123, 740.7675pt x 134.5025pt>
File: images//not_4bit.png Graphic file (type png)
<use images//not_4bit.png>
Package pdftex.def Info: images//not_4bit.png  used on input line 815.
(pdftex.def)             Requested size: 390.0pt x 70.81393pt.
[28 <./images//gtk_not_4bit.png> <./images//not_4bit.png>]
<images//Shifter_waveform.png, id=128, 1909.1325pt x 365.365pt>
File: images//Shifter_waveform.png Graphic file (type png)
<use images//Shifter_waveform.png>
Package pdftex.def Info: images//Shifter_waveform.png  used on input line 827.
(pdftex.def)             Requested size: 477.28197pt x 91.34102pt.

Overfull \hbox (87.28197pt too wide) in paragraph at lines 827--828
 [][] 
 []

<images//Shifter_4bit.png, id=129, 1610.015pt x 1013.7875pt>
File: images//Shifter_4bit.png Graphic file (type png)
<use images//Shifter_4bit.png>
Package pdftex.def Info: images//Shifter_4bit.png  used on input line 834.
(pdftex.def)             Requested size: 390.0pt x 245.57246pt.
[29 <./images//Shifter_waveform.png> <./images//Shifter_4bit.png>]
<images//adder_waveform.png, id=133, 1995.455pt x 465.74pt>
File: images//adder_waveform.png Graphic file (type png)
<use images//adder_waveform.png>
Package pdftex.def Info: images//adder_waveform.png  used on input line 846.
(pdftex.def)             Requested size: 498.86253pt x 116.43471pt.

Overfull \hbox (108.86253pt too wide) in paragraph at lines 846--847
 [][] 
 []

<images//adder_4bit.png, id=134, 987.69pt x 271.0125pt>
File: images//adder_4bit.png Graphic file (type png)
<use images//adder_4bit.png>
Package pdftex.def Info: images//adder_4bit.png  used on input line 853.
(pdftex.def)             Requested size: 390.0pt x 107.00948pt.
[30 <./images//adder_waveform.png> <./images//adder_4bit.png>]
<images//subtractor_waveform.png, id=139, 2362.8275pt x 371.3875pt>
File: images//subtractor_waveform.png Graphic file (type png)
<use images//subtractor_waveform.png>
Package pdftex.def Info: images//subtractor_waveform.png  used on input line 86
5.
(pdftex.def)             Requested size: 472.55713pt x 74.27617pt.

Overfull \hbox (82.55713pt too wide) in paragraph at lines 865--866
 [][] 
 []

<images//subtractor_4bit.png, id=140, 983.675pt x 260.975pt>
File: images//subtractor_4bit.png Graphic file (type png)
<use images//subtractor_4bit.png>
Package pdftex.def Info: images//subtractor_4bit.png  used on input line 872.
(pdftex.def)             Requested size: 390.0pt x 103.46826pt.
[31 <./images//subtractor_waveform.png> <./images//subtractor_4bit.png>]
<images//multiplier_waveform.png, id=144, 1909.1325pt x 236.885pt>
File: images//multiplier_waveform.png Graphic file (type png)
<use images//multiplier_waveform.png>
Package pdftex.def Info: images//multiplier_waveform.png  used on input line 88
4.
(pdftex.def)             Requested size: 477.28197pt x 59.2211pt.

Overfull \hbox (87.28197pt too wide) in paragraph at lines 884--885
 [][] 
 []

<images//multiplier_4bit.png, id=145, 1324.95pt x 367.3725pt>
File: images//multiplier_4bit.png Graphic file (type png)
<use images//multiplier_4bit.png>
Package pdftex.def Info: images//multiplier_4bit.png  used on input line 891.
(pdftex.def)             Requested size: 390.0pt x 108.13289pt.
[32 <./images//multiplier_waveform.png> <./images//multiplier_4bit.png>]
[33] (./Report2.aux) ) 
Here is how much of TeX's memory you used:
 5896 strings out of 476025
 96366 string characters out of 5790017
 1897388 words of memory out of 5000000
 26319 multiletter control sequences out of 15000+600000
 517347 words of font info for 49 fonts, out of 8000000 for 9000
 1141 hyphenation exceptions out of 8191
 69i,8n,79p,1573b,1599s stack positions out of 10000i,1000n,20000p,200000b,200000s
</usr/local/texlive/2023/texmf-dist/fonts/type1/public/am
sfonts/cm/cmbx12.pfb></usr/local/texlive/2023/texmf-dist/fonts/type1/public/ams
fonts/cm/cmmi12.pfb></usr/local/texlive/2023/texmf-dist/fonts/type1/public/amsf
onts/cm/cmr12.pfb></usr/local/texlive/2023/texmf-dist/fonts/type1/public/amsfon
ts/cm/cmr17.pfb></usr/local/texlive/2023/texmf-dist/fonts/type1/public/amsfonts
/cm/cmsy10.pfb></usr/local/texlive/2023/texmf-dist/fonts/type1/public/amsfonts/
cm/cmti12.pfb></usr/local/texlive/2023/texmf-dist/fonts/type1/public/amsfonts/c
m/cmtt12.pfb></usr/local/texlive/2023/texmf-dist/fonts/type1/public/cm-super/sf
bx1200.pfb></usr/local/texlive/2023/texmf-dist/fonts/type1/public/cm-super/sfrm
1200.pfb></usr/local/texlive/2023/texmf-dist/fonts/type1/public/cm-super/sfti12
00.pfb>
Output written on Report2.pdf (34 pages, 1237309 bytes).
PDF statistics:
 197 PDF objects out of 1000 (max. 8388607)
 108 compressed objects within 2 object streams
 0 named destinations out of 1000 (max. 500000)
 111 words of extra memory for PDF output out of 10000 (max. 10000000)

